I: Running command: debootstrap --arch armhf --foreign --include=debconf,locales,apt-transport-https,apt-transport-tor,devuan-keyring,debian-archive-keyring,keychain,wget,curl,ca-certificates jessie /home/dev/sddebuild/sdbuild-devuan http://us.mirror.devuan.org/merged/
I: Running command: chroot /home/dev/sddebuild/sdbuild-devuan /debootstrap/debootstrap --second-stage
perl: warning: Setting locale failed.
perl: warning: Please check that your locale settings:
	LANGUAGE = (unset),
	LC_ALL = (unset),
	LANG = "en_US.UTF-8"
    are supported and installed on your system.
perl: warning: Falling back to the standard locale ("C").
/usr/bin/locale: Cannot set LC_CTYPE to default locale: No such file or directory
/usr/bin/locale: Cannot set LC_MESSAGES to default locale: No such file or directory
/usr/bin/locale: Cannot set LC_ALL to default locale: No such file or directory
/usr/bin/locale: Cannot set LC_CTYPE to default locale: No such file or directory
/usr/bin/locale: Cannot set LC_MESSAGES to default locale: No such file or directory
/usr/bin/locale: Cannot set LC_ALL to default locale: No such file or directory
Generating locales (this might take a while)...
  en_US.UTF-8... done
Generation complete.
gpg: directory `/root/.gnupg' created
gpg: new configuration file `/root/.gnupg/gpg.conf' created
gpg: WARNING: options in `/root/.gnupg/gpg.conf' are not yet active during this run
gpg: keyring `/root/.gnupg/secring.gpg' created
gpg: keyring `/root/.gnupg/pubring.gpg' created
gpg: requesting key 886DDD89 from hkp server keys.gnupg.net
gpg: /root/.gnupg/trustdb.gpg: trustdb created
gpg: key 886DDD89: public key "deb.torproject.org archive signing key" imported
gpg: no ultimately trusted keys found
gpg: Total number processed: 1
gpg:               imported: 1  (RSA: 1)
E: The value 'sid' is invalid for APT::Default-Release as such a release is not available in the sources
dpkg-query: package 'xdm' is not installed and no information is available
Use dpkg --info (= dpkg-deb --info) to examine archive files,
and dpkg --contents (= dpkg-deb --contents) to list their contents.
/usr/sbin/dpkg-reconfigure: xdm is not installed
E: Unable to locate package awesome
E: Unable to locate package awesome-extra
E: Unable to locate package medit
E: Unable to locate package python-vte
E: Unable to locate package terminator
E: Unable to locate package moreutils
E: Unable to locate package mutt
E: Unable to locate package uzbl
E: Unable to locate package xvkbd
E: Unable to locate package xombrero
E: Unable to locate package xserver-xorg-video-fbdev
E: Unable to locate package conky
E: Unable to locate package xdm
tee: /home/dev/sddebuild/sdbuild-devuan/etc/X11/xdm/Xsetup: No such file or directory
tee: /home/dev/sddebuild/sdbuild-devuan/etc/X11/xdm/Xstartup: No such file or directory
